[2025-07-21 16:11:30] Starting daily analytics update process...
[2025-07-21 16:11:30] Starting CSV export from PostgreSQL...
[2025-07-21 16:11:31] Successfully exported data to analytics.csv
[2025-07-21 16:11:31] Generating analytics charts...
[2025-07-21 16:11:31] Loaded 69 records from analytics.csv
[2025-07-21 16:11:31] Generated temporal charts
[2025-07-21 16:11:31] Generated customer charts
[2025-07-21 16:11:32] Generated pricing charts
[2025-07-21 16:11:32] Generated geographic charts
[2025-07-21 16:11:32] Generated resource charts
[2025-07-21 16:11:32] Generated platform charts
[2025-07-21 16:11:32] Updating analytics summary...
Building stats for country: India
Error in avg_discount() for columns 'bot_ui_manday_rate', 'bot_ui_manday_rate' in country 'India': arg must be a list, tuple, 1-d array, or Series
Error in avg_discount() for columns 'custom_ai_manday_rate', 'custom_ai_manday_rate' in country 'India': arg must be a list, tuple, 1-d array, or Series
Building stats for country: LATAM
Error in avg_discount() for columns 'bot_ui_manday_rate', 'bot_ui_manday_rate' in country 'LATAM': arg must be a list, tuple, 1-d array, or Series
Error in avg_discount() for columns 'custom_ai_manday_rate', 'custom_ai_manday_rate' in country 'LATAM': arg must be a list, tuple, 1-d array, or Series
[2025-07-21 16:11:32] Analytics summary updated successfully
[2025-07-21 16:11:32] Daily analytics update completed successfully!
[DEBUG] Script started at: 2025-07-25 10:30:15
[2025-07-25 10:30:15] Starting daily analytics update process...
[2025-07-25 10:30:15] Starting CSV export from PostgreSQL...
[2025-07-25 10:30:16] Successfully exported data to analytics.csv
[DEBUG] After DB export: 1.44 seconds elapsed
[2025-07-25 10:30:16] Generating analytics charts...
[2025-07-25 10:30:16] Loaded 105 records from analytics.csv
[2025-07-25 10:30:17] Generated temporal charts
[2025-07-25 10:30:18] Generated customer charts
[2025-07-25 10:30:19] Generated pricing charts
[2025-07-25 10:30:19] Generated geographic charts
[2025-07-25 10:30:20] Generated resource charts
[2025-07-25 10:30:20] Generated platform charts
[DEBUG] After chart generation: 5.60 seconds elapsed
[2025-07-25 10:30:20] Updating analytics summary...
Building stats for country: India
Building stats for country: LATAM
[2025-07-25 10:30:20] Analytics summary updated successfully
[DEBUG] After writing summary JSON: 5.69 seconds elapsed
[2025-07-25 10:30:20] Daily analytics update completed successfully!
[DEBUG] Script finished at: 2025-07-25 10:30:20
[DEBUG] Total execution time: 5.69 seconds
[DEBUG] Script started at: 2025-07-26 10:30:24
[2025-07-26 10:30:24] Starting daily analytics update process...
[2025-07-26 10:30:24] Starting CSV export from PostgreSQL...
[2025-07-26 10:30:26] Successfully exported data to analytics.csv
[DEBUG] After DB export: 1.53 seconds elapsed
[2025-07-26 10:30:26] Generating analytics charts...
[2025-07-26 10:30:26] Loaded 109 records from analytics.csv
[2025-07-26 10:30:27] Generated temporal charts
[2025-07-26 10:30:27] Generated customer charts
[2025-07-26 10:30:28] Generated pricing charts
[2025-07-26 10:30:29] Generated geographic charts
[2025-07-26 10:30:29] Generated resource charts
[2025-07-26 10:30:30] Generated platform charts
[DEBUG] After chart generation: 5.40 seconds elapsed
[2025-07-26 10:30:30] Updating analytics summary...
Building stats for country: India
Building stats for country: LATAM
[2025-07-26 10:30:30] Analytics summary updated successfully
[DEBUG] After writing summary JSON: 5.47 seconds elapsed
[2025-07-26 10:30:30] Daily analytics update completed successfully!
[DEBUG] Script finished at: 2025-07-26 10:30:30
[DEBUG] Total execution time: 5.47 seconds
[DEBUG] Script started at: 2025-07-28 10:30:03
[2025-07-28 10:30:03] Starting daily analytics update process...
[2025-07-28 10:30:03] Starting CSV export from PostgreSQL...
[2025-07-28 10:30:04] Successfully exported data to analytics.csv
[DEBUG] After DB export: 1.58 seconds elapsed
[2025-07-28 10:30:04] Generating analytics charts...
[2025-07-28 10:30:04] Loaded 109 records from analytics.csv
[2025-07-28 10:30:05] Generated temporal charts
[2025-07-28 10:30:06] Generated customer charts
[2025-07-28 10:30:06] Generated pricing charts
[2025-07-28 10:30:07] Generated geographic charts
[2025-07-28 10:30:07] Generated resource charts
[2025-07-28 10:30:08] Generated platform charts
[DEBUG] After chart generation: 5.23 seconds elapsed
[2025-07-28 10:30:08] Updating analytics summary...
Building stats for country: India
Building stats for country: LATAM
[2025-07-28 10:30:08] Analytics summary updated successfully
[DEBUG] After writing summary JSON: 5.30 seconds elapsed
[2025-07-28 10:30:08] Daily analytics update completed successfully!
[DEBUG] Script finished at: 2025-07-28 10:30:08
[DEBUG] Total execution time: 5.30 seconds
